proguard_logs/seeds.txt
com.tutorat.assocoma.QCM.ChoixMat
com.tutorat.assocoma.QCM.ChoixMat: ChoixMat()
com.tutorat.assocoma.QCM.Connexion
com.tutorat.assocoma.QCM.Connexion: Connexion()
com.tutorat.assocoma.QCM.Connexion: void valider_Co(android.view.View)
com.tutorat.assocoma.QCM.Questions
com.tutorat.assocoma.QCM.Questions: Questions()
com.tutorat.assocoma.QCM.Questions: void validQuestion(android.view.View)
com.tutorat.assocoma.QCM.Questions: void sauterQuestion(android.view.View)
com.tutorat.assocoma.QCM.R$drawable: int coma_logo
com.tutorat.assocoma.QCM.R$drawable: int ic_action_content_paste
com.tutorat.assocoma.QCM.R$drawable: int listview_divider
com.tutorat.assocoma.QCM.R$drawable: int shadow_bot
com.tutorat.assocoma.QCM.R$drawable: int tutorat
com.tutorat.assocoma.QCM.R$id: int b_Anatomie
com.tutorat.assocoma.QCM.R$id: int b_BiologieCellulaire
com.tutorat.assocoma.QCM.R$id: int b_Biostatistiques
com.tutorat.assocoma.QCM.R$id: int b_Embryologie
com.tutorat.assocoma.QCM.R$id: int b_EtudeDuMedicament
com.tutorat.assocoma.QCM.R$id: int b_Histologie
com.tutorat.assocoma.QCM.R$id: int b_MedEmbryologie
com.tutorat.assocoma.QCM.R$id: int b_MedOdonto
com.tutorat.assocoma.QCM.R$id: int b_MedPhysiologie
com.tutorat.assocoma.QCM.R$id: int b_Odonto
com.tutorat.assocoma.QCM.R$id: int b_Pharma
com.tutorat.assocoma.QCM.R$id: int b_SauterQuestion
com.tutorat.assocoma.QCM.R$id: int b_ValidCo
com.tutorat.assocoma.QCM.R$id: int b_Valider
com.tutorat.assocoma.QCM.R$id: int buildingsList
com.tutorat.assocoma.QCM.R$id: int cb_Item1
com.tutorat.assocoma.QCM.R$id: int cb_Item2
com.tutorat.assocoma.QCM.R$id: int cb_Item3
com.tutorat.assocoma.QCM.R$id: int cb_Item4
com.tutorat.assocoma.QCM.R$id: int cb_Item5
com.tutorat.assocoma.QCM.R$id: int divider
com.tutorat.assocoma.QCM.R$id: int et_Name
com.tutorat.assocoma.QCM.R$id: int et_Pass
com.tutorat.assocoma.QCM.R$id: int imageView
com.tutorat.assocoma.QCM.R$id: int iv_schema
com.tutorat.assocoma.QCM.R$id: int liste_matieres
com.tutorat.assocoma.QCM.R$id: int ll_rep_item
com.tutorat.assocoma.QCM.R$id: int lv_reponses
com.tutorat.assocoma.QCM.R$id: int retour_matieres
com.tutorat.assocoma.QCM.R$id: int textView
com.tutorat.assocoma.QCM.R$id: int tv_Ennonce
com.tutorat.assocoma.QCM.R$layout: int child_item
com.tutorat.assocoma.QCM.R$layout: int choix_matiere
com.tutorat.assocoma.QCM.R$layout: int choixqcm
com.tutorat.assocoma.QCM.R$layout: int connexion
com.tutorat.assocoma.QCM.R$layout: int group_item
com.tutorat.assocoma.QCM.R$layout: int items_matieres
com.tutorat.assocoma.QCM.R$layout: int presqcm
com.tutorat.assocoma.QCM.R$layout: int reponse_items
com.tutorat.assocoma.QCM.R$layout: int reponses
com.tutorat.assocoma.QCM.R$menu: int menu
com.tutorat.assocoma.QCM.R$string: int app_name
com.tutorat.assocoma.QCM.R$string: int retour_matieres
com.tutorat.assocoma.QCM.Reponses
com.tutorat.assocoma.QCM.Reponses: Reponses()
...
android.support.v4.content.IntentCompat$IntentCompatImplBase
android.support.v4.content.IntentCompat$IntentCompatImplBase: IntentCompat$IntentCompatImplBase()
android.support.v4.content.IntentCompat$IntentCompatImplBase: android.content.Intent makeMainActivity(android.content.ComponentName)
android.support.v4.content.IntentCompat$IntentCompatImplBase: android.content.Intent makeMainSelectorActivity(java.lang.String,java.lang.String)
android.support.v4.content.IntentCompat$IntentCompatImplBase: android.content.Intent makeRestartActivityTask(android.content.ComponentName)
android.support.v4.content.IntentCompat$IntentCompatImplHC
android.support.v4.content.IntentCompat$IntentCompatImplHC: IntentCompat$IntentCompatImplHC()
android.support.v4.content.IntentCompat$IntentCompatImplHC: android.content.Intent makeMainActivity(android.content.ComponentName)
android.support.v4.content.IntentCompat$IntentCompatImplHC: android.content.Intent makeRestartActivityTask(android.content.ComponentName)
android.support.v4.content.IntentCompat$IntentCompatImplIcsMr1
android.support.v4.content.IntentCompat$IntentCompatImplIcsMr1: IntentCompat$IntentCompatImplIcsMr1()
android.support.v4.content.IntentCompat$IntentCompatImplIcsMr1: android.content.Intent makeMainSelectorActivity(java.lang.String,java.lang.String)
android.support.v4.content.IntentCompatHoneycomb
android.support.v4.content.IntentCompatHoneycomb: IntentCompatHoneycomb()
android.support.v4.content.IntentCompatHoneycomb: android.content.Intent makeMainActivity(android.content.ComponentName)
android.support.v4.content.IntentCompatHoneycomb: android.content.Intent makeRestartActivityTask(android.content.ComponentName)
android.support.v4.content.IntentCompatIcsMr1
android.support.v4.content.IntentCompatIcsMr1: IntentCompatIcsMr1()
android.support.v4.content.IntentCompatIcsMr1: android.content.Intent makeMainSelectorActivity(java.lang.String,java.lang.String)
android.support.v4.content.Loader
android.support.v4.content.Loader: int mId
android.support.v4.content.Loader: android.support.v4.content.Loader$OnLoadCompleteListener mListener
android.support.v4.content.Loader: android.content.Context mContext
android.support.v4.content.Loader: boolean mStarted
android.support.v4.content.Loader: boolean mAbandoned
android.support.v4.content.Loader: boolean mReset
android.support.v4.content.Loader: boolean mContentChanged
android.support.v4.content.Loader: boolean mProcessingChange
android.support.v4.content.Loader: Loader(android.content.Context)
android.support.v4.content.Loader: void deliverResult(java.lang.Object)
android.support.v4.content.Loader: android.content.Context getContext()
android.support.v4.content.Loader: int getId()
android.support.v4.content.Loader: void registerListener(int,android.support.v4.content.Loader$OnLoadCompleteListener)
android.support.v4.content.Loader: void unregisterListener(android.support.v4.content.Loader$OnLoadCompleteListener)
android.support.v4.content.Loader: boolean isStarted()
android.support.v4.content.Loader: boolean isAbandoned()
android.support.v4.content.Loader: boolean isReset()
android.support.v4.content.Loader: void startLoading()
android.support.v4.content.Loader: void onStartLoading()
android.support.v4.content.Loader: void forceLoad()
android.support.v4.content.Loader: void onForceLoad()
android.support.v4.content.Loader: void stopLoading()
android.support.v4.content.Loader$ForceLoadContentObserver
android.support.v4.content.Loader$ForceLoadContentObserver: android.support.v4.content.Loader this$0
android.support.v4.content.Loader$ForceLoadContentObserver: Loader$ForceLoadContentObserver(android.support.v4.content.Loader)
android.support.v4.content.Loader$ForceLoadContentObserver: boolean deliverSelfNotifications()
android.support.v4.content.Loader$ForceLoadContentObserver: void onChange(boolean)