proguard_logs/mapping.txt
com.tutorat.assocoma.QCM.ChoixMat -> com.tutorat.assocoma.QCM.ChoixMat:
    java.lang.String loginU -> a
    java.lang.String passU -> b
    com.tutorat.assocoma.QCM.ChoixMat$AsyncDatas datas -> c
    java.util.List nomMatiere -> d
    java.util.ArrayList numeroUe -> e
    java.util.ArrayList idMatiere -> f
    java.util.List nomSubMatiere -> g
    java.util.ArrayList idSubMatiere -> h
    java.util.Map laptopCollection -> i
    java.util.Map idListSousMatieres -> j
    android.app.ProgressDialog dialog -> k
    void onCreate(android.os.Bundle) -> onCreate
    void remplirListeMatieres() -> a
    boolean onCreateOptionsMenu(android.view.Menu) -> onCreateOptionsMenu
    boolean onOptionsItemSelected(android.view.MenuItem) -> onOptionsItemSelected
    java.lang.String access$000(com.tutorat.assocoma.QCM.ChoixMat) -> a
    java.lang.String access$100(com.tutorat.assocoma.QCM.ChoixMat) -> b
    android.app.ProgressDialog access$200(com.tutorat.assocoma.QCM.ChoixMat) -> c
    java.util.List access$302(com.tutorat.assocoma.QCM.ChoixMat,java.util.List) -> a
    java.util.Map access$402(com.tutorat.assocoma.QCM.ChoixMat,java.util.Map) -> a
    java.util.Map access$502(com.tutorat.assocoma.QCM.ChoixMat,java.util.Map) -> b
    java.util.ArrayList access$602(com.tutorat.assocoma.QCM.ChoixMat,java.util.ArrayList) -> a
    java.util.List access$702(com.tutorat.assocoma.QCM.ChoixMat,java.util.List) -> b
    java.util.List access$300(com.tutorat.assocoma.QCM.ChoixMat) -> d
com.tutorat.assocoma.QCM.ChoixMat$1 -> com.tutorat.assocoma.QCM.a:
    com.tutorat.assocoma.QCM.ExpandableListAdapter val$expListAdapter -> a
    com.tutorat.assocoma.QCM.ChoixMat this$0 -> b
    boolean onChildClick(android.widget.ExpandableListView,android.view.View,int,int,long) -> onChildClick
com.tutorat.assocoma.QCM.ChoixMat$AsyncDatas -> com.tutorat.assocoma.QCM.b:
    org.json.JSONArray matieres -> b
    java.lang.ref.WeakReference mActivity -> c
    com.tutorat.assocoma.QCM.ChoixMat this$0 -> a
    void link(com.tutorat.assocoma.QCM.ChoixMat) -> a
    java.lang.Boolean doInBackground(java.lang.Void[]) -> a
    void onPostExecute(java.lang.Boolean) -> a
    void onPostExecute(java.lang.Object) -> onPostExecute
    java.lang.Object doInBackground(java.lang.Object[]) -> doInBackground
com.tutorat.assocoma.QCM.Connexion -> com.tutorat.assocoma.QCM.Connexion:
    android.widget.EditText name -> a
    android.widget.EditText pass -> b
    android.widget.TextView err -> c
    android.app.ProgressDialog dialog -> d
    com.tutorat.assocoma.QCM.Connexion$AsyncCo newCo -> e
    void onCreate(android.os.Bundle) -> onCreate
    android.widget.EditText getName() -> a
    android.widget.EditText getPass() -> b
    void valider_Co(android.view.View) -> valider_Co
    android.app.ProgressDialog access$000(com.tutorat.assocoma.QCM.Connexion) -> a
    android.widget.TextView access$100(com.tutorat.assocoma.QCM.Connexion) -> b
com.tutorat.assocoma.QCM.Connexion$AsyncCo -> com.tutorat.assocoma.QCM.c:
    java.lang.ref.WeakReference mActivity -> b
    com.tutorat.assocoma.QCM.Connexion this$0 -> a
    void link(com.tutorat.assocoma.QCM.Connexion) -> a
    java.lang.Boolean doInBackground(java.lang.Void[]) -> a
    void onPostExecute(java.lang.Boolean) -> a
    void onPostExecute(java.lang.Object) -> onPostExecute
    java.lang.Object doInBackground(java.lang.Object[]) -> doInBackground
com.tutorat.assocoma.QCM.ConnexionBDD -> com.tutorat.assocoma.QCM.d:
    java.util.ArrayList nameValuePairs -> a
    java.lang.String login -> b
    java.lang.String password -> c
    java.lang.String idMatiere -> d
    boolean setConnection(java.lang.String) -> a
    org.json.JSONArray getData(java.lang.String) -> b
...
android.support.v4.view.GestureDetectorCompat$GestureDetectorCompatImplBase$GestureHandler -> android.support.v4.view.GestureDetectorCompat$GestureDetectorCompatImplBase$GestureHandler:
    android.support.v4.view.GestureDetectorCompat$GestureDetectorCompatImplBase this$0 -> this$0
    void handleMessage(android.os.Message) -> handleMessage
android.support.v4.view.GestureDetectorCompat$GestureDetectorCompatImplJellybeanMr2 -> android.support.v4.view.GestureDetectorCompat$GestureDetectorCompatImplJellybeanMr2:
    android.view.GestureDetector mDetector -> mDetector
    boolean isLongpressEnabled() -> isLongpressEnabled
    boolean onTouchEvent(android.view.MotionEvent) -> onTouchEvent
    void setIsLongpressEnabled(boolean) -> setIsLongpressEnabled
    void setOnDoubleTapListener(android.view.GestureDetector$OnDoubleTapListener) -> setOnDoubleTapListener
android.support.v4.view.GravityCompat -> android.support.v4.view.GravityCompat:
    android.support.v4.view.GravityCompat$GravityCompatImpl IMPL -> IMPL
    int RELATIVE_LAYOUT_DIRECTION -> RELATIVE_LAYOUT_DIRECTION
    int START -> START
    int END -> END
    int RELATIVE_HORIZONTAL_GRAVITY_MASK -> RELATIVE_HORIZONTAL_GRAVITY_MASK
    void apply(int,int,int,android.graphics.Rect,android.graphics.Rect,int) -> apply
    void apply(int,int,int,android.graphics.Rect,int,int,android.graphics.Rect,int) -> apply
    void applyDisplay(int,android.graphics.Rect,android.graphics.Rect,int) -> applyDisplay
    int getAbsoluteGravity(int,int) -> getAbsoluteGravity
android.support.v4.view.GravityCompat$GravityCompatImpl -> android.support.v4.view.GravityCompat$GravityCompatImpl:
    int getAbsoluteGravity(int,int) -> getAbsoluteGravity
    void apply(int,int,int,android.graphics.Rect,android.graphics.Rect,int) -> apply
    void apply(int,int,int,android.graphics.Rect,int,int,android.graphics.Rect,int) -> apply
    void applyDisplay(int,android.graphics.Rect,android.graphics.Rect,int) -> applyDisplay
android.support.v4.view.GravityCompat$GravityCompatImplBase -> android.support.v4.view.GravityCompat$GravityCompatImplBase:
    int getAbsoluteGravity(int,int) -> getAbsoluteGravity
    void apply(int,int,int,android.graphics.Rect,android.graphics.Rect,int) -> apply
    void apply(int,int,int,android.graphics.Rect,int,int,android.graphics.Rect,int) -> apply
    void applyDisplay(int,android.graphics.Rect,android.graphics.Rect,int) -> applyDisplay
android.support.v4.view.GravityCompat$GravityCompatImplJellybeanMr1 -> android.support.v4.view.GravityCompat$GravityCompatImplJellybeanMr1:
    int getAbsoluteGravity(int,int) -> getAbsoluteGravity
    void apply(int,int,int,android.graphics.Rect,android.graphics.Rect,int) -> apply
    void apply(int,int,int,android.graphics.Rect,int,int,android.graphics.Rect,int) -> apply
    void applyDisplay(int,android.graphics.Rect,android.graphics.Rect,int) -> applyDisplay
android.support.v4.view.GravityCompatJellybeanMr1 -> android.support.v4.view.GravityCompatJellybeanMr1:
    int getAbsoluteGravity(int,int) -> getAbsoluteGravity
    void apply(int,int,int,android.graphics.Rect,android.graphics.Rect,int) -> apply
    void apply(int,int,int,android.graphics.Rect,int,int,android.graphics.Rect,int) -> apply
    void applyDisplay(int,android.graphics.Rect,android.graphics.Rect,int) -> applyDisplay